# JRE version: Java(TM) SE Runtime Environment (8.0_45-b14) (build 1.8.0_45-b14)
# Java VM: Java HotSpot(TM) 64-Bit Server VM (25.45-b02 mixed mode windows-amd64 compressed oops)
Heap:
 PSYoungGen      total 114688K, used 59328K [0x00000000d5f80000, 0x00000000ddc80000, 0x0000000100000000)
  eden space 108032K, 48% used [0x00000000d5f80000,0x00000000d9327b78,0x00000000dc900000)
  from space 6656K, 96% used [0x00000000dd600000,0x00000000ddc484b8,0x00000000ddc80000)
  to   space 8192K, 0% used [0x00000000dcc80000,0x00000000dcc80000,0x00000000dd480000)
 ParOldGen       total 84480K, used 11962K [0x0000000081e00000, 0x0000000087080000, 0x00000000d5f80000)
  object space 84480K, 14% used [0x0000000081e00000,0x00000000829aea30,0x0000000087080000)
 Metaspace       used 38909K, capacity 41496K, committed 41648K, reserved 1085440K
  class space    used 5005K, capacity 5432K, committed 5552K, reserved 1048576K
GC Heap History (10 events):
Event: 8.660 GC heap before
{Heap before GC invocations=8 (full 1):
 PSYoungGen      total 61440K, used 57113K [0x00000000d5f80000, 0x00000000da700000, 0x0000000100000000)
  eden space 52736K, 100% used [0x00000000d5f80000,0x00000000d9300000,0x00000000d9300000)
  from space 8704K, 50% used [0x00000000d9b80000,0x00000000d9fc67c0,0x00000000da400000)
  to   space 8704K, 0% used [0x00000000d9300000,0x00000000d9300000,0x00000000d9b80000)
 ParOldGen       total 56320K, used 6539K [0x0000000081e00000, 0x0000000085500000, 0x00000000d5f80000)
  object space 56320K, 11% used [0x0000000081e00000,0x0000000082462fc0,0x0000000085500000)
 Metaspace       used 27399K, capacity 28848K, committed 29104K, reserved 1075200K
  class space    used 3453K, capacity 3742K, committed 3760K, reserved 1048576K
Event: 8.668 GC heap after
Heap after GC invocations=8 (full 1):
 PSYoungGen      total 61440K, used 5223K [0x00000000d5f80000, 0x00000000dc480000, 0x0000000100000000)
  eden space 52736K, 0% used [0x00000000d5f80000,0x00000000d5f80000,0x00000000d9300000)
  from space 8704K, 60% used [0x00000000d9300000,0x00000000d9819d58,0x00000000d9b80000)
  to   space 8704K, 0% used [0x00000000dbc00000,0x00000000dbc00000,0x00000000dc480000)
 ParOldGen       total 56320K, used 6547K [0x0000000081e00000, 0x0000000085500000, 0x00000000d5f80000)
  object space 56320K, 11% used [0x0000000081e00000,0x0000000082464fc0,0x0000000085500000)
 Metaspace       used 27399K, capacity 28848K, committed 29104K, reserved 1075200K
  class space    used 3453K, capacity 3742K, committed 3760K, reserved 1048576K
}
Event: 9.672 GC heap before
{Heap before GC invocations=9 (full 1):
 PSYoungGen      total 61440K, used 57959K [0x00000000d5f80000, 0x00000000dc480000, 0x0000000100000000)
  eden space 52736K, 100% used [0x00000000d5f80000,0x00000000d9300000,0x00000000d9300000)
  from space 8704K, 60% used [0x00000000d9300000,0x00000000d9819d58,0x00000000d9b80000)
  to   space 8704K, 0% used [0x00000000dbc00000,0x00000000dbc00000,0x00000000dc480000)
 ParOldGen       total 56320K, used 6547K [0x0000000081e00000, 0x0000000085500000, 0x00000000d5f80000)
  object space 56320K, 11% used [0x0000000081e00000,0x0000000082464fc0,0x0000000085500000)
 Metaspace       used 29172K, capacity 30808K, committed 30896K, reserved 1077248K
  class space    used 3690K, capacity 3998K, committed 4016K, reserved 1048576K
Event: 9.678 GC heap after
Heap after GC invocations=9 (full 1):
 PSYoungGen      total 89600K, used 5105K [0x00000000d5f80000, 0x00000000dc180000, 0x0000000100000000)
  eden space 83968K, 0% used [0x00000000d5f80000,0x00000000d5f80000,0x00000000db180000)
  from space 5632K, 90% used [0x00000000dbc00000,0x00000000dc0fc608,0x00000000dc180000)
  to   space 8192K, 0% used [0x00000000db180000,0x00000000db180000,0x00000000db980000)
 ParOldGen       total 56320K, used 6555K [0x0000000081e00000, 0x0000000085500000, 0x00000000d5f80000)
  object space 56320K, 11% used [0x0000000081e00000,0x0000000082466fc0,0x0000000085500000)
 Metaspace       used 29172K, capacity 30808K, committed 30896K, reserved 1077248K
  class space    used 3690K, capacity 3998K, committed 4016K, reserved 1048576K
}
Event: 11.012 GC heap before
{Heap before GC invocations=10 (full 1):
 PSYoungGen      total 89600K, used 60210K [0x00000000d5f80000, 0x00000000dc180000, 0x0000000100000000)
  eden space 83968K, 65% used [0x00000000d5f80000,0x00000000d95502f0,0x00000000db180000)
  from space 5632K, 90% used [0x00000000dbc00000,0x00000000dc0fc608,0x00000000dc180000)
  to   space 8192K, 0% used [0x00000000db180000,0x00000000db180000,0x00000000db980000)
 ParOldGen       total 56320K, used 6555K [0x0000000081e00000, 0x0000000085500000, 0x00000000d5f80000)
  object space 56320K, 11% used [0x0000000081e00000,0x0000000082466fc0,0x0000000085500000)
 Metaspace       used 33542K, capacity 35324K, committed 35496K, reserved 1081344K
  class space    used 4261K, capacity 4586K, committed 4656K, reserved 1048576K
Event: 11.024 GC heap after
Heap after GC invocations=10 (full 1):
 PSYoungGen      total 92160K, used 6527K [0x00000000d5f80000, 0x00000000dde00000, 0x0000000100000000)
  eden space 83968K, 0% used [0x00000000d5f80000,0x00000000d5f80000,0x00000000db180000)
  from space 8192K, 79% used [0x00000000db180000,0x00000000db7dfea8,0x00000000db980000)
  to   space 8192K, 0% used [0x00000000dd600000,0x00000000dd600000,0x00000000dde00000)
 ParOldGen       total 56320K, used 7884K [0x0000000081e00000, 0x0000000085500000, 0x00000000d5f80000)
  object space 56320K, 14% used [0x0000000081e00000,0x00000000825b33c8,0x0000000085500000)
 Metaspace       used 33542K, capacity 35324K, committed 35496K, reserved 1081344K
  class space    used 4261K, capacity 4586K, committed 4656K, reserved 1048576K
}
Event: 11.024 GC heap before
{Heap before GC invocations=11 (full 2):
 PSYoungGen      total 92160K, used 6527K [0x00000000d5f80000, 0x00000000dde00000, 0x0000000100000000)
  eden space 83968K, 0% used [0x00000000d5f80000,0x00000000d5f80000,0x00000000db180000)
  from space 8192K, 79% used [0x00000000db180000,0x00000000db7dfea8,0x00000000db980000)
  to   space 8192K, 0% used [0x00000000dd600000,0x00000000dd600000,0x00000000dde00000)
 ParOldGen       total 56320K, used 7884K [0x0000000081e00000, 0x0000000085500000, 0x00000000d5f80000)
  object space 56320K, 14% used [0x0000000081e00000,0x00000000825b33c8,0x0000000085500000)
 Metaspace       used 33542K, capacity 35324K, committed 35496K, reserved 1081344K
  class space    used 4261K, capacity 4586K, committed 4656K, reserved 1048576K
Event: 11.092 GC heap after
Heap after GC invocations=11 (full 2):
 PSYoungGen      total 92160K, used 0K [0x00000000d5f80000, 0x00000000dde00000, 0x0000000100000000)
  eden space 83968K, 0% used [0x00000000d5f80000,0x00000000d5f80000,0x00000000db180000)
  from space 8192K, 0% used [0x00000000db180000,0x00000000db180000,0x00000000db980000)
  to   space 8192K, 0% used [0x00000000dd600000,0x00000000dd600000,0x00000000dde00000)
 ParOldGen       total 84480K, used 11954K [0x0000000081e00000, 0x0000000087080000, 0x00000000d5f80000)
  object space 84480K, 14% used [0x0000000081e00000,0x00000000829aca30,0x0000000087080000)
 Metaspace       used 33542K, capacity 35324K, committed 35496K, reserved 1081344K
  class space    used 4261K, capacity 4586K, committed 4656K, reserved 1048576K
}
Event: 12.371 GC heap before
{Heap before GC invocations=12 (full 2):
 PSYoungGen      total 92160K, used 83968K [0x00000000d5f80000, 0x00000000dde00000, 0x0000000100000000)
  eden space 83968K, 100% used [0x00000000d5f80000,0x00000000db180000,0x00000000db180000)
  from space 8192K, 0% used [0x00000000db180000,0x00000000db180000,0x00000000db980000)
  to   space 8192K, 0% used [0x00000000dd600000,0x00000000dd600000,0x00000000dde00000)
 ParOldGen       total 84480K, used 11954K [0x0000000081e00000, 0x0000000087080000, 0x00000000d5f80000)
  object space 84480K, 14% used [0x0000000081e00000,0x00000000829aca30,0x0000000087080000)
 Metaspace       used 37750K, capacity 40152K, committed 40368K, reserved 1085440K
  class space    used 4832K, capacity 5240K, committed 5296K, reserved 1048576K
Event: 12.379 GC heap after
Heap after GC invocations=12 (full 2):
 PSYoungGen      total 114688K, used 6433K [0x00000000d5f80000, 0x00000000ddc80000, 0x0000000100000000)
  eden space 108032K, 0% used [0x00000000d5f80000,0x00000000d5f80000,0x00000000dc900000)
  from space 6656K, 96% used [0x00000000dd600000,0x00000000ddc484b8,0x00000000ddc80000)
  to   space 8192K, 0% used [0x00000000dcc80000,0x00000000dcc80000,0x00000000dd480000)
 ParOldGen       total 84480K, used 11962K [0x0000000081e00000, 0x0000000087080000, 0x00000000d5f80000)
  object space 84480K, 14% used [0x0000000081e00000,0x00000000829aea30,0x0000000087080000)
 Metaspace       used 37750K, capacity 40152K, committed 40368K, reserved 1085440K
  class space    used 4832K, capacity 5240K, committed 5296K, reserved 1048576K
}

